<?xml version="1.0" encoding="UTF-8"?>
<!-- Generated by org.testng.reporters.JUnitXMLReporter -->
<testsuite ignored="0" hostname="DESKTOP-NPK11H1" failures="0" tests="18" name="Default test" time="70.668" errors="0" timestamp="2024-05-15T21:44:44 EET">
  <testcase classname="com.omayo.rightpagetest.LocateUsingNameAttributeTest" name="nameAttributeTest" time="0.179"/>
  <testcase classname="com.omayo.rightpagetest.LocateUsingNameAttributeTest" name="nameAttributeTest" time="0.101"/>
  <testcase classname="com.omayo.rightpagetest.LocateUsingNameAttributeTest" name="nameAttributeTest" time="0.091"/>
  <testcase classname="com.omayo.rightpagetest.LocateUsingNameAttributeTest" name="nameAttributeTest" time="0.091"/>
  <testcase classname="com.omayo.rightpagetest.LocateUsingNameAttributeTest" name="nameAttributeTest" time="0.093"/>
  <testcase classname="com.omayo.rightpagetest.LocateUsingNameAttributeTest" name="nameAttributeTest" time="0.092"/>
  <testcase classname="com.omayo.rightpagetest.LocateUsingNameAttributeTest" name="nameAttributeTest" time="0.095"/>
  <testcase classname="com.omayo.rightpagetest.LocateUsingNameAttributeTest" name="nameAttributeTest" time="0.105"/>
  <testcase classname="com.omayo.rightpagetest.LocateUsingNameAttributeTest" name="nameAttributeTest" time="0.101"/>
  <testcase classname="com.omayo.rightpagetest.LocateUsingNameAttributeTest" name="nameAttributeTest" time="0.092"/>
  <testcase classname="com.omayo.rightpagetest.LocateUsingNameAttributeTest" name="nameAttributeTest" time="0.092"/>
  <testcase classname="com.omayo.rightpagetest.LocateUsingNameAttributeTest" name="nameAttributeTest" time="0.09"/>
  <testcase classname="com.omayo.rightpagetest.LocateUsingNameAttributeTest" name="nameAttributeTest" time="0.089"/>
  <testcase classname="com.omayo.rightpagetest.LocateUsingNameAttributeTest" name="nameAttributeTest" time="0.092"/>
  <testcase classname="com.omayo.rightpagetest.LocateUsingNameAttributeTest" name="nameAttributeTest" time="0.092"/>
  <testcase classname="com.omayo.rightpagetest.LocateUsingNameAttributeTest" name="nameAttributeTest" time="0.088"/>
  <testcase classname="com.omayo.rightpagetest.LocateUsingNameAttributeTest" name="nameAttributeTest" time="0.086"/>
  <testcase classname="com.omayo.rightpagetest.LocateUsingNameAttributeTest" name="nameAttributeTest" time="0.085"/>
</testsuite> <!-- Default test -->
