<?xml version="1.0" encoding="UTF-8"?>
<!-- Generated by org.testng.reporters.JUnitXMLReporter -->
<testsuite ignored="0" hostname="DESKTOP-NPK11H1" failures="0" tests="9" name="Default test" time="23.337" errors="0" timestamp="2023-11-30T09:26:56 EET">
  <testcase classname="com.omayo.rightpagetest.LocateUsingNameAttributeTest" name="nameAttributeTest" time="0.186"/>
  <testcase classname="com.omayo.rightpagetest.LocateUsingNameAttributeTest" name="nameAttributeTest" time="0.094"/>
  <testcase classname="com.omayo.rightpagetest.LocateUsingNameAttributeTest" name="nameAttributeTest" time="0.098"/>
  <testcase classname="com.omayo.rightpagetest.LocateUsingNameAttributeTest" name="nameAttributeTest" time="0.094"/>
  <testcase classname="com.omayo.rightpagetest.LocateUsingNameAttributeTest" name="nameAttributeTest" time="0.089"/>
  <testcase classname="com.omayo.rightpagetest.LocateUsingNameAttributeTest" name="nameAttributeTest" time="0.095"/>
  <testcase classname="com.omayo.rightpagetest.LocateUsingNameAttributeTest" name="nameAttributeTest" time="0.093"/>
  <testcase classname="com.omayo.rightpagetest.LocateUsingNameAttributeTest" name="nameAttributeTest" time="0.093"/>
  <testcase classname="com.omayo.rightpagetest.LocateUsingNameAttributeTest" name="nameAttributeTest" time="0.088"/>
</testsuite> <!-- Default test -->
